<?xml version="1.0" encoding="UTF-8"?>
<robot generator="Robot 6.1.1 (Python 3.12.1 on win32)" generated="20240118 18:36:45.537" rpa="false" schemaversion="4">
<suite id="s1" name="DaftarLogin" source="C:\Users\Risnawati\Downloads\JBA\web\Test\DaftarLogin\DaftarLogin.robot">
<test id="s1-t1" name="Verify Gagal Daftar Akun karena Fields Mandatory Kosong" line="8">
<kw name="Open Browser" library="SeleniumLibrary">
<arg>${URL}</arg>
<arg>${BROWSER}</arg>
<doc>Opens a new browser instance to the optional ``url``.</doc>
<msg timestamp="20240118 18:36:46.169" level="INFO">Opening browser 'Chrome' to base url 'https://jba-aaas-web-dev.aslcode.dev/'.</msg>
<status status="PASS" starttime="20240118 18:36:46.163" endtime="20240118 18:36:53.543"/>
</kw>
<kw name="Maximize Browser Window" library="SeleniumLibrary">
<doc>Maximizes current browser window.</doc>
<status status="PASS" starttime="20240118 18:36:53.543" endtime="20240118 18:36:54.051"/>
</kw>
<kw name="Click Button Daftar" library="DaftarLoginResources">
<kw name="Wait Until Element Is Visible" library="SeleniumLibrary">
<arg>${button_daftar}</arg>
<arg>timeout=10s</arg>
<doc>Waits until the element ``locator`` is visible.</doc>
<status status="PASS" starttime="20240118 18:36:54.059" endtime="20240118 18:36:54.234"/>
</kw>
<kw name="Click Element" library="SeleniumLibrary">
<arg>${button_daftar}</arg>
<doc>Click the element identified by ``locator``.</doc>
<msg timestamp="20240118 18:36:54.234" level="INFO">Clicking element 'id:btn-register'.</msg>
<status status="PASS" starttime="20240118 18:36:54.234" endtime="20240118 18:36:54.454"/>
</kw>
<kw name="Capture Page Screenshot" library="SeleniumLibrary">
<doc>Takes a screenshot of the current page and embeds it into a log file.</doc>
<msg timestamp="20240118 18:36:54.718" level="INFO" html="true">&lt;/td&gt;&lt;/tr&gt;&lt;tr&gt;&lt;td colspan="3"&gt;&lt;a href="selenium-screenshot-29.png"&gt;&lt;img src="selenium-screenshot-29.png" width="800px"&gt;&lt;/a&gt;</msg>
<status status="PASS" starttime="20240118 18:36:54.454" endtime="20240118 18:36:54.718"/>
</kw>
<status status="PASS" starttime="20240118 18:36:54.059" endtime="20240118 18:36:54.718"/>
</kw>
<kw name="Click Button Submit Daftar" library="DaftarLoginResources">
<kw name="Scroll Element Into View" library="SeleniumLibrary">
<arg>${button_submit_daftar}</arg>
<doc>Scrolls the element identified by ``locator`` into view.</doc>
<status status="PASS" starttime="20240118 18:36:54.722" endtime="20240118 18:36:55.169"/>
</kw>
<kw name="Wait Until Element Is Visible" library="SeleniumLibrary">
<arg>${button_submit_daftar}</arg>
<arg>timeout=10s</arg>
<doc>Waits until the element ``locator`` is visible.</doc>
<status status="PASS" starttime="20240118 18:36:55.169" endtime="20240118 18:36:55.236"/>
</kw>
<kw name="Click Element" library="SeleniumLibrary">
<arg>${button_submit_daftar}</arg>
<doc>Click the element identified by ``locator``.</doc>
<msg timestamp="20240118 18:36:55.236" level="INFO">Clicking element 'xpath://button[@type='submit'][normalize-space()='Daftar']'.</msg>
<status status="PASS" starttime="20240118 18:36:55.236" endtime="20240118 18:36:55.339"/>
</kw>
<kw name="Capture Page Screenshot" library="SeleniumLibrary">
<doc>Takes a screenshot of the current page and embeds it into a log file.</doc>
<msg timestamp="20240118 18:36:55.653" level="INFO" html="true">&lt;/td&gt;&lt;/tr&gt;&lt;tr&gt;&lt;td colspan="3"&gt;&lt;a href="selenium-screenshot-30.png"&gt;&lt;img src="selenium-screenshot-30.png" width="800px"&gt;&lt;/a&gt;</msg>
<status status="PASS" starttime="20240118 18:36:55.339" endtime="20240118 18:36:55.653"/>
</kw>
<status status="PASS" starttime="20240118 18:36:54.722" endtime="20240118 18:36:55.653"/>
</kw>
<kw name="Verify Field Wajib diisi" library="GlobalResourcesWeb">
<kw name="Sleep" library="BuiltIn">
<arg>3s</arg>
<doc>Pauses the test executed for the given time.</doc>
<msg timestamp="20240118 18:36:58.655" level="INFO">Slept 3 seconds</msg>
<status status="PASS" starttime="20240118 18:36:55.653" endtime="20240118 18:36:58.655"/>
</kw>
<kw name="Wait Until Element Contains" library="SeleniumLibrary">
<arg>${text_wajib_diisi}</arg>
<arg>Wajib diisi</arg>
<doc>Waits until the element ``locator`` contains ``text``.</doc>
<status status="PASS" starttime="20240118 18:36:58.655" endtime="20240118 18:36:58.769"/>
</kw>
<kw name="Capture Page Screenshot" library="SeleniumLibrary">
<doc>Takes a screenshot of the current page and embeds it into a log file.</doc>
<msg timestamp="20240118 18:36:59.086" level="INFO" html="true">&lt;/td&gt;&lt;/tr&gt;&lt;tr&gt;&lt;td colspan="3"&gt;&lt;a href="selenium-screenshot-31.png"&gt;&lt;img src="selenium-screenshot-31.png" width="800px"&gt;&lt;/a&gt;</msg>
<status status="PASS" starttime="20240118 18:36:58.769" endtime="20240118 18:36:59.086"/>
</kw>
<status status="PASS" starttime="20240118 18:36:55.653" endtime="20240118 18:36:59.086"/>
</kw>
<kw name="Close Browser" library="SeleniumLibrary">
<doc>Closes the current browser.</doc>
<status status="PASS" starttime="20240118 18:36:59.086" endtime="20240118 18:37:03.801"/>
</kw>
<doc>This test case verifies that user is unable to daftar akun karena fields mandatory kosong</doc>
<tag>daftar</tag>
<status status="PASS" starttime="20240118 18:36:46.159" endtime="20240118 18:37:03.803"/>
</test>
<test id="s1-t2" name="Verify Berhasil Daftar Akun" line="17">
<kw name="Open Browser" library="SeleniumLibrary">
<arg>${URL}</arg>
<arg>${BROWSER}</arg>
<doc>Opens a new browser instance to the optional ``url``.</doc>
<msg timestamp="20240118 18:37:03.816" level="INFO">Opening browser 'Chrome' to base url 'https://jba-aaas-web-dev.aslcode.dev/'.</msg>
<status status="PASS" starttime="20240118 18:37:03.803" endtime="20240118 18:37:11.889"/>
</kw>
<kw name="Maximize Browser Window" library="SeleniumLibrary">
<doc>Maximizes current browser window.</doc>
<status status="PASS" starttime="20240118 18:37:11.889" endtime="20240118 18:37:12.403"/>
</kw>
<kw name="Click Button Daftar" library="DaftarLoginResources">
<kw name="Wait Until Element Is Visible" library="SeleniumLibrary">
<arg>${button_daftar}</arg>
<arg>timeout=10s</arg>
<doc>Waits until the element ``locator`` is visible.</doc>
<status status="PASS" starttime="20240118 18:37:12.439" endtime="20240118 18:37:12.560"/>
</kw>
<kw name="Click Element" library="SeleniumLibrary">
<arg>${button_daftar}</arg>
<doc>Click the element identified by ``locator``.</doc>
<msg timestamp="20240118 18:37:12.560" level="INFO">Clicking element 'id:btn-register'.</msg>
<status status="PASS" starttime="20240118 18:37:12.560" endtime="20240118 18:37:12.716"/>
</kw>
<kw name="Capture Page Screenshot" library="SeleniumLibrary">
<doc>Takes a screenshot of the current page and embeds it into a log file.</doc>
<msg timestamp="20240118 18:37:12.950" level="INFO" html="true">&lt;/td&gt;&lt;/tr&gt;&lt;tr&gt;&lt;td colspan="3"&gt;&lt;a href="selenium-screenshot-32.png"&gt;&lt;img src="selenium-screenshot-32.png" width="800px"&gt;&lt;/a&gt;</msg>
<status status="PASS" starttime="20240118 18:37:12.716" endtime="20240118 18:37:12.950"/>
</kw>
<status status="PASS" starttime="20240118 18:37:12.439" endtime="20240118 18:37:12.950"/>
</kw>
<kw name="Input Fields Daftar Akun" library="DaftarLoginResources">
<kw name="Generate Random String" library="String">
<var>${random_text}</var>
<arg>${max_length}</arg>
<doc>Generates a string with a desired ``length`` from the given ``chars``.</doc>
<msg timestamp="20240118 18:37:12.950" level="INFO">${random_text} = oHuW</msg>
<status status="PASS" starttime="20240118 18:37:12.950" endtime="20240118 18:37:12.950"/>
</kw>
<kw name="Wait Until Element Is Visible" library="SeleniumLibrary">
<arg>${input_nama_depan}</arg>
<arg>timeout=10s</arg>
<doc>Waits until the element ``locator`` is visible.</doc>
<status status="PASS" starttime="20240118 18:37:12.950" endtime="20240118 18:37:13.056"/>
</kw>
<kw name="Input Text" library="SeleniumLibrary">
<arg>${input_nama_depan}</arg>
<arg>${random_text}${nama_depan}</arg>
<doc>Types the given ``text`` into the text field identified by ``locator``.</doc>
<msg timestamp="20240118 18:37:13.067" level="INFO">Typing text 'oHuWRisna' into text field 'xpath://input[contains(@placeholder,'Nama Depan')]'.</msg>
<status status="PASS" starttime="20240118 18:37:13.067" endtime="20240118 18:37:13.383"/>
</kw>
<kw name="Input Text" library="SeleniumLibrary">
<arg>${input_nama_belakang}</arg>
<arg>${random_text}${nama_belakang}</arg>
<doc>Types the given ``text`` into the text field identified by ``locator``.</doc>
<msg timestamp="20240118 18:37:13.383" level="INFO">Typing text 'oHuWTesting Automation' into text field 'xpath://input[contains(@placeholder,'Nama Belakang')]'.</msg>
<status status="PASS" starttime="20240118 18:37:13.383" endtime="20240118 18:37:13.674"/>
</kw>
<kw name="Input Text" library="SeleniumLibrary">
<arg>${input_no_hp}</arg>
<arg>${no_hp}${max_length}</arg>
<doc>Types the given ``text`` into the text field identified by ``locator``.</doc>
<msg timestamp="20240118 18:37:13.674" level="INFO">Typing text '0855912343244' into text field 'xpath://input[@placeholder='No. Hp']'.</msg>
<status status="PASS" starttime="20240118 18:37:13.674" endtime="20240118 18:37:13.934"/>
</kw>
<kw name="Input Text" library="SeleniumLibrary">
<arg>${input_email}</arg>
<arg>${random_text}${email}${domain}</arg>
<doc>Types the given ``text`` into the text field identified by ``locator``.</doc>
<msg timestamp="20240118 18:37:13.942" level="INFO">Typing text 'oHuWtestauto@gmail.com' into text field 'xpath://input[@placeholder='Email']'.</msg>
<status status="PASS" starttime="20240118 18:37:13.934" endtime="20240118 18:37:14.220"/>
</kw>
<kw name="Input Text" library="SeleniumLibrary">
<arg>${input_password}</arg>
<arg>${password}</arg>
<doc>Types the given ``text`` into the text field identified by ``locator``.</doc>
<msg timestamp="20240118 18:37:14.220" level="INFO">Typing text 'testingautomation31!' into text field 'xpath://input[@placeholder='Password']'.</msg>
<status status="PASS" starttime="20240118 18:37:14.220" endtime="20240118 18:37:14.460"/>
</kw>
<kw name="Input Text" library="SeleniumLibrary">
<arg>${input_konfir_password}</arg>
<arg>${password}</arg>
<doc>Types the given ``text`` into the text field identified by ``locator``.</doc>
<msg timestamp="20240118 18:37:14.460" level="INFO">Typing text 'testingautomation31!' into text field 'xpath://input[@placeholder='Konfirmasi Password']'.</msg>
<status status="PASS" starttime="20240118 18:37:14.460" endtime="20240118 18:37:14.725"/>
</kw>
<kw name="Click Element" library="SeleniumLibrary">
<arg>${checkbox_agree}</arg>
<doc>Click the element identified by ``locator``.</doc>
<msg timestamp="20240118 18:37:14.725" level="INFO">Clicking element 'xpath://input[@name='isAgree']'.</msg>
<status status="PASS" starttime="20240118 18:37:14.725" endtime="20240118 18:37:14.834"/>
</kw>
<kw name="Capture Page Screenshot" library="SeleniumLibrary">
<doc>Takes a screenshot of the current page and embeds it into a log file.</doc>
<msg timestamp="20240118 18:37:15.125" level="INFO" html="true">&lt;/td&gt;&lt;/tr&gt;&lt;tr&gt;&lt;td colspan="3"&gt;&lt;a href="selenium-screenshot-33.png"&gt;&lt;img src="selenium-screenshot-33.png" width="800px"&gt;&lt;/a&gt;</msg>
<status status="PASS" starttime="20240118 18:37:14.834" endtime="20240118 18:37:15.133"/>
</kw>
<kw name="Sleep" library="BuiltIn">
<arg>20s</arg>
<doc>Pauses the test executed for the given time.</doc>
<msg timestamp="20240118 18:37:35.135" level="INFO">Slept 20 seconds</msg>
<status status="PASS" starttime="20240118 18:37:15.133" endtime="20240118 18:37:35.135"/>
</kw>
<status status="PASS" starttime="20240118 18:37:12.950" endtime="20240118 18:37:35.135"/>
</kw>
<kw name="Click Button Submit Daftar" library="DaftarLoginResources">
<kw name="Scroll Element Into View" library="SeleniumLibrary">
<arg>${button_submit_daftar}</arg>
<doc>Scrolls the element identified by ``locator`` into view.</doc>
<status status="PASS" starttime="20240118 18:37:35.135" endtime="20240118 18:37:35.534"/>
</kw>
<kw name="Wait Until Element Is Visible" library="SeleniumLibrary">
<arg>${button_submit_daftar}</arg>
<arg>timeout=10s</arg>
<doc>Waits until the element ``locator`` is visible.</doc>
<status status="PASS" starttime="20240118 18:37:35.534" endtime="20240118 18:37:35.600"/>
</kw>
<kw name="Click Element" library="SeleniumLibrary">
<arg>${button_submit_daftar}</arg>
<doc>Click the element identified by ``locator``.</doc>
<msg timestamp="20240118 18:37:35.600" level="INFO">Clicking element 'xpath://button[@type='submit'][normalize-space()='Daftar']'.</msg>
<status status="PASS" starttime="20240118 18:37:35.600" endtime="20240118 18:37:35.724"/>
</kw>
<kw name="Capture Page Screenshot" library="SeleniumLibrary">
<doc>Takes a screenshot of the current page and embeds it into a log file.</doc>
<msg timestamp="20240118 18:37:36.070" level="INFO" html="true">&lt;/td&gt;&lt;/tr&gt;&lt;tr&gt;&lt;td colspan="3"&gt;&lt;a href="selenium-screenshot-34.png"&gt;&lt;img src="selenium-screenshot-34.png" width="800px"&gt;&lt;/a&gt;</msg>
<status status="PASS" starttime="20240118 18:37:35.724" endtime="20240118 18:37:36.070"/>
</kw>
<status status="PASS" starttime="20240118 18:37:35.135" endtime="20240118 18:37:36.070"/>
</kw>
<kw name="Verify Berhasil Daftar Akun" library="DaftarLoginResources">
<kw name="Sleep" library="BuiltIn">
<arg>3s</arg>
<doc>Pauses the test executed for the given time.</doc>
<msg timestamp="20240118 18:37:39.072" level="INFO">Slept 3 seconds</msg>
<status status="PASS" starttime="20240118 18:37:36.070" endtime="20240118 18:37:39.072"/>
</kw>
<kw name="Wait Until Element Contains" library="SeleniumLibrary">
<arg>${text_berhasil_daftar}</arg>
<arg>Cek Email Anda</arg>
<doc>Waits until the element ``locator`` contains ``text``.</doc>
<msg timestamp="20240118 18:37:44.453" level="INFO" html="true">&lt;/td&gt;&lt;/tr&gt;&lt;tr&gt;&lt;td colspan="3"&gt;&lt;a href="selenium-screenshot-35.png"&gt;&lt;img src="selenium-screenshot-35.png" width="800px"&gt;&lt;/a&gt;</msg>
<msg timestamp="20240118 18:37:44.453" level="FAIL">Element with locator 'xpath://h2[normalize-space()='Cek Email Anda']' not found.</msg>
<status status="FAIL" starttime="20240118 18:37:39.072" endtime="20240118 18:37:44.453"/>
</kw>
<kw name="Capture Page Screenshot" library="SeleniumLibrary">
<doc>Takes a screenshot of the current page and embeds it into a log file.</doc>
<status status="NOT RUN" starttime="20240118 18:37:44.453" endtime="20240118 18:37:44.453"/>
</kw>
<kw name="Click Element" library="SeleniumLibrary">
<arg>${ya_mengerti_daftar}</arg>
<doc>Click the element identified by ``locator``.</doc>
<status status="NOT RUN" starttime="20240118 18:37:44.453" endtime="20240118 18:37:44.453"/>
</kw>
<kw name="Capture Page Screenshot" library="SeleniumLibrary">
<doc>Takes a screenshot of the current page and embeds it into a log file.</doc>
<status status="NOT RUN" starttime="20240118 18:37:44.453" endtime="20240118 18:37:44.453"/>
</kw>
<status status="FAIL" starttime="20240118 18:37:36.070" endtime="20240118 18:37:44.453"/>
</kw>
<kw name="Close Browser" library="SeleniumLibrary">
<doc>Closes the current browser.</doc>
<status status="NOT RUN" starttime="20240118 18:37:44.453" endtime="20240118 18:37:44.453"/>
</kw>
<doc>This test case verifies that user is able to daftar akun</doc>
<tag>daftar</tag>
<status status="FAIL" starttime="20240118 18:37:03.803" endtime="20240118 18:37:44.453">Element with locator 'xpath://h2[normalize-space()='Cek Email Anda']' not found.</status>
</test>
<test id="s1-t3" name="Verify Gagal Daftar Akun" line="27">
<kw name="Open Browser" library="SeleniumLibrary">
<arg>${URL}</arg>
<arg>${BROWSER}</arg>
<doc>Opens a new browser instance to the optional ``url``.</doc>
<msg timestamp="20240118 18:37:44.453" level="INFO">Opening browser 'Chrome' to base url 'https://jba-aaas-web-dev.aslcode.dev/'.</msg>
<status status="PASS" starttime="20240118 18:37:44.453" endtime="20240118 18:37:50.227"/>
</kw>
<kw name="Maximize Browser Window" library="SeleniumLibrary">
<doc>Maximizes current browser window.</doc>
<msg timestamp="20240118 18:37:50.323" level="WARN">Keyword 'Capture Page Screenshot' could not be run on failure: Message: disconnected: not connected to DevTools
  (failed to check if window was closed: disconnected: not connected to DevTools)
  (Session info: chrome=120.0.6099.217)
Stacktrace:
	GetHandleVerifier [0x00007FF78EC82142+3514994]
	(No symbol) [0x00007FF78E8A0CE2]
	(No symbol) [0x00007FF78E7476AA]
	(No symbol) [0x00007FF78E72FD6A]
	(No symbol) [0x00007FF78E72FC20]
	(No symbol) [0x00007FF78E7499A1]
	(No symbol) [0x00007FF78E7D21B7]
	(No symbol) [0x00007FF78E7B5D93]
	(No symbol) [0x00007FF78E784BDC]
	(No symbol) [0x00007FF78E785C64]
	GetHandleVerifier [0x00007FF78ECAE16B+3695259]
	GetHandleVerifier [0x00007FF78ED06737+4057191]
	GetHandleVerifier [0x00007FF78ECFE4E3+4023827]
	GetHandleVerifier [0x00007FF78E9D04F9+689705]
	(No symbol) [0x00007FF78E8AC048]
	(No symbol) [0x00007FF78E8A8044]
	(No symbol) [0x00007FF78E8A81C9]
	(No symbol) [0x00007FF78E8988C4]
	BaseThreadInitThunk [0x00007FFB37947344+20]
	RtlUserThreadStart [0x00007FFB397826B1+33]
</msg>
<msg timestamp="20240118 18:37:50.354" level="FAIL">WebDriverException: Message: disconnected: not connected to DevTools
  (failed to check if window was closed: disconnected: not connected to DevTools)
  (Session info: chrome=120.0.6099.217)
Stacktrace:
	GetHandleVerifier [0x00007FF78EC82142+3514994]
	(No symbol) [0x00007FF78E8A0CE2]
	(No symbol) [0x00007FF78E7476AA]
	(No symbol) [0x00007FF78E72FD6A]
	(No symbol) [0x00007FF78E72FC20]
	(No symbol) [0x00007FF78E7499A1]
	(No symbol) [0x00007FF78E7D21B7]
	(No symbol) [0x00007FF78E7B5D93]
	(No symbol) [0x00007FF78E784BDC]
	(No symbol) [0x00007FF78E785C64]
	GetHandleVerifier [0x00007FF78ECAE16B+3695259]
	GetHandleVerifier [0x00007FF78ED06737+4057191]
	GetHandleVerifier [0x00007FF78ECFE4E3+4023827]
	GetHandleVerifier [0x00007FF78E9D04F9+689705]
	(No symbol) [0x00007FF78E8AC048]
	(No symbol) [0x00007FF78E8A8044]
	(No symbol) [0x00007FF78E8A81C9]
	(No symbol) [0x00007FF78E8988C4]
	BaseThreadInitThunk [0x00007FFB37947344+20]
	RtlUserThreadStart [0x00007FFB397826B1+33]
</msg>
<status status="FAIL" starttime="20240118 18:37:50.235" endtime="20240118 18:37:50.490"/>
</kw>
<kw name="Click Button Daftar" library="DaftarLoginResources">
<status status="NOT RUN" starttime="20240118 18:37:50.490" endtime="20240118 18:37:50.490"/>
</kw>
<kw name="Input Fields Daftar Akun User Tedaftar" library="DaftarLoginResources">
<status status="NOT RUN" starttime="20240118 18:37:50.490" endtime="20240118 18:37:50.490"/>
</kw>
<kw name="Click Button Submit Daftar" library="DaftarLoginResources">
<status status="NOT RUN" starttime="20240118 18:37:50.490" endtime="20240118 18:37:50.490"/>
</kw>
<kw name="Verify User Sudah Ada" library="DaftarLoginResources">
<status status="NOT RUN" starttime="20240118 18:37:50.490" endtime="20240118 18:37:50.490"/>
</kw>
<kw name="Close Browser" library="SeleniumLibrary">
<doc>Closes the current browser.</doc>
<status status="NOT RUN" starttime="20240118 18:37:50.490" endtime="20240118 18:37:50.490"/>
</kw>
<doc>This test case verifies that user is unable to daftar akun dengan user yang sudah terdaftar</doc>
<tag>daftar</tag>
<status status="FAIL" starttime="20240118 18:37:44.453" endtime="20240118 18:37:50.490">WebDriverException: Message: disconnected: not connected to DevTools
  (failed to check if window was closed: disconnected: not connected to DevTools)
  (Session info: chrome=120.0.6099.217)
Stacktrace:
	GetHandleVerifier [0x00007FF78EC82142+3514994]
	(No symbol) [0x00007FF78E8A0CE2]
	(No symbol) [0x00007FF78E7476AA]
	(No symbol) [0x00007FF78E72FD6A]
	(No symbol) [0x00007FF78E72FC20]
	(No symbol) [0x00007FF78E7499A1]
	(No symbol) [0x00007FF78E7D21B7]
	(No symbol) [0x00007FF78E7B5D93]
	(No symbol) [0x00007FF78E784BDC]
	(No symbol) [0x00007FF78E785C64]
	GetHandleVerifier [0x00007FF78ECAE16B+3695259]
	GetHandleVerifier [0x00007FF78ED06737+4057191]
	GetHandleVerifier [0x00007FF78ECFE4E3+4023827]
	GetHandleVerifier [0x00007FF78E9D04F9+689705]
	(No symbol) [0x00007FF78E8AC048]
	(No symbol) [0x00007FF78E8A8044]
	(No symbol) [0x00007FF78E8A81C9]
	(No symbol) [0x00007FF78E8988C4]
	BaseThreadInitThunk [0x00007FFB37947344+20]
	RtlUserThreadStart [0x00007FFB397826B1+33]
</status>
</test>
<test id="s1-t4" name="Verify Berhasil Login" line="37">
<kw name="Open Browser" library="SeleniumLibrary">
<arg>${URL}</arg>
<arg>${BROWSER}</arg>
<doc>Opens a new browser instance to the optional ``url``.</doc>
<msg timestamp="20240118 18:37:50.514" level="INFO">Opening browser 'Chrome' to base url 'https://jba-aaas-web-dev.aslcode.dev/'.</msg>
<msg timestamp="20240118 18:37:54.934" level="WARN">Keyword 'Capture Page Screenshot' could not be run on failure: Message: disconnected: not connected to DevTools
  (failed to check if window was closed: disconnected: not connected to DevTools)
  (Session info: chrome=120.0.6099.217)
Stacktrace:
	GetHandleVerifier [0x00007FF78EC82142+3514994]
	(No symbol) [0x00007FF78E8A0CE2]
	(No symbol) [0x00007FF78E7476AA]
	(No symbol) [0x00007FF78E72FD6A]
	(No symbol) [0x00007FF78E72FC20]
	(No symbol) [0x00007FF78E7499A1]
	(No symbol) [0x00007FF78E7D21B7]
	(No symbol) [0x00007FF78E7B5D93]
	(No symbol) [0x00007FF78E784BDC]
	(No symbol) [0x00007FF78E785C64]
	GetHandleVerifier [0x00007FF78ECAE16B+3695259]
	GetHandleVerifier [0x00007FF78ED06737+4057191]
	GetHandleVerifier [0x00007FF78ECFE4E3+4023827]
	GetHandleVerifier [0x00007FF78E9D04F9+689705]
	(No symbol) [0x00007FF78E8AC048]
	(No symbol) [0x00007FF78E8A8044]
	(No symbol) [0x00007FF78E8A81C9]
	(No symbol) [0x00007FF78E8988C4]
	BaseThreadInitThunk [0x00007FFB37947344+20]
	RtlUserThreadStart [0x00007FFB397826B1+33]
</msg>
<msg timestamp="20240118 18:37:54.951" level="FAIL">WebDriverException: Message: target frame detached
  (failed to check if window was closed: disconnected: unable to send message to renderer)
  (Session info: chrome=120.0.6099.217)
Stacktrace:
	GetHandleVerifier [0x00007FF78EC82142+3514994]
	(No symbol) [0x00007FF78E8A0CE2]
	(No symbol) [0x00007FF78E7474C3]
	(No symbol) [0x00007FF78E73062C]
	(No symbol) [0x00007FF78E72EE3D]
	(No symbol) [0x00007FF78E72F7CE]
	(No symbol) [0x00007FF78E73D6CD]
	(No symbol) [0x00007FF78E754471]
	(No symbol) [0x00007FF78E75937A]
	(No symbol) [0x00007FF78E72FEC6]
	(No symbol) [0x00007FF78E7540AD]
	(No symbol) [0x00007FF78E7D2AEF]
	(No symbol) [0x00007FF78E7B5D93]
	(No symbol) [0x00007FF78E784BDC]
	(No symbol) [0x00007FF78E785C64]
	GetHandleVerifier [0x00007FF78ECAE16B+3695259]
	GetHandleVerifier [0x00007FF78ED06737+4057191]
	GetHandleVerifier [0x00007FF78ECFE4E3+4023827]
	GetHandleVerifier [0x00007FF78E9D04F9+689705]
	(No symbol) [0x00007FF78E8AC048]
	(No symbol) [0x00007FF78E8A8044]
	(No symbol) [0x00007FF78E8A81C9]
	(No symbol) [0x00007FF78E8988C4]
	BaseThreadInitThunk [0x00007FFB37947344+20]
	RtlUserThreadStart [0x00007FFB397826B1+33]
</msg>
<status status="FAIL" starttime="20240118 18:37:50.514" endtime="20240118 18:37:55.092"/>
</kw>
<kw name="Maximize Browser Window" library="SeleniumLibrary">
<doc>Maximizes current browser window.</doc>
<status status="NOT RUN" starttime="20240118 18:37:55.099" endtime="20240118 18:37:55.099"/>
</kw>
<kw name="Click Button Masuk" library="DaftarLoginResources">
<status status="NOT RUN" starttime="20240118 18:37:55.099" endtime="20240118 18:37:55.099"/>
</kw>
<kw name="Input Fields Login" library="DaftarLoginResources">
<status status="NOT RUN" starttime="20240118 18:37:55.099" endtime="20240118 18:37:55.107"/>
</kw>
<kw name="Click Button Submit Masuk" library="DaftarLoginResources">
<status status="NOT RUN" starttime="20240118 18:37:55.107" endtime="20240118 18:37:55.107"/>
</kw>
<kw name="Verify Berhasil Login" library="DaftarLoginResources">
<status status="NOT RUN" starttime="20240118 18:37:55.107" endtime="20240118 18:37:55.107"/>
</kw>
<kw name="Close Browser" library="SeleniumLibrary">
<doc>Closes the current browser.</doc>
<status status="NOT RUN" starttime="20240118 18:37:55.107" endtime="20240118 18:37:55.107"/>
</kw>
<doc>This test case verifies that user is unable to login</doc>
<tag>login</tag>
<status status="FAIL" starttime="20240118 18:37:50.514" endtime="20240118 18:37:55.107">WebDriverException: Message: target frame detached
  (failed to check if window was closed: disconnected: unable to send message to renderer)
  (Session info: chrome=120.0.6099.217)
Stacktrace:
	GetHandleVerifier [0x00007FF78EC82142+3514994]
	(No symbol) [0x00007FF78E8A0CE2]
	(No symbol) [0x00007FF78E7474C3]
	(No symbol) [0x00007FF78E73062C]
	(No symbol) [0x00007FF78E72EE3D]
	(No symbol) [0x00007FF78E72F7CE]
	(No symbol) [0x00007FF78E73D6CD]
	(No symbol) [0x00007FF78E754471]
	(No symbol) [0x00007FF78E75937A]
	(No symbol) [0x00007FF78E72FEC6]
	(No symbol) [0x00007FF78E7540AD]
	(No symbol) [0x00007FF78E7D2AEF]
	(No symbol) [0x00007FF78E7B5D93]
	(No symbol) [0x00007FF78E784BDC]
	(No symbol) [0x00007FF78E785C64]
	GetHandleVerifier [0x00007FF78ECAE16B+3695259]
	GetHandleVerifier [0x00007FF78ED06737+4057191]
	GetHandleVerifier [0x00007FF78ECFE4E3+4023827]
	GetHandleVerifier [0x00007FF78E9D04F9+689705]
	(No symbol) [0x00007FF78E8AC048]
	(No symbol) [0x00007FF78E8A8044]
	(No symbol) [0x00007FF78E8A81C9]
	(No symbol) [0x00007FF78E8988C4]
	BaseThreadInitThunk [0x00007FFB37947344+20]
	RtlUserThreadStart [0x00007FFB397826B1+33]
</status>
</test>
<doc>Daftar dan Login Akun Web JBA</doc>
<status status="FAIL" starttime="20240118 18:36:45.545" endtime="20240118 18:37:55.123"/>
</suite>
<statistics>
<total>
<stat pass="1" fail="3" skip="0">All Tests</stat>
</total>
<tag>
<stat pass="1" fail="2" skip="0">daftar</stat>
<stat pass="0" fail="1" skip="0">login</stat>
</tag>
<suite>
<stat pass="1" fail="3" skip="0" id="s1" name="DaftarLogin">DaftarLogin</stat>
</suite>
</statistics>
<errors>
<msg timestamp="20240118 18:37:50.323" level="WARN">Keyword 'Capture Page Screenshot' could not be run on failure: Message: disconnected: not connected to DevTools
  (failed to check if window was closed: disconnected: not connected to DevTools)
  (Session info: chrome=120.0.6099.217)
Stacktrace:
	GetHandleVerifier [0x00007FF78EC82142+3514994]
	(No symbol) [0x00007FF78E8A0CE2]
	(No symbol) [0x00007FF78E7476AA]
	(No symbol) [0x00007FF78E72FD6A]
	(No symbol) [0x00007FF78E72FC20]
	(No symbol) [0x00007FF78E7499A1]
	(No symbol) [0x00007FF78E7D21B7]
	(No symbol) [0x00007FF78E7B5D93]
	(No symbol) [0x00007FF78E784BDC]
	(No symbol) [0x00007FF78E785C64]
	GetHandleVerifier [0x00007FF78ECAE16B+3695259]
	GetHandleVerifier [0x00007FF78ED06737+4057191]
	GetHandleVerifier [0x00007FF78ECFE4E3+4023827]
	GetHandleVerifier [0x00007FF78E9D04F9+689705]
	(No symbol) [0x00007FF78E8AC048]
	(No symbol) [0x00007FF78E8A8044]
	(No symbol) [0x00007FF78E8A81C9]
	(No symbol) [0x00007FF78E8988C4]
	BaseThreadInitThunk [0x00007FFB37947344+20]
	RtlUserThreadStart [0x00007FFB397826B1+33]
</msg>
<msg timestamp="20240118 18:37:54.934" level="WARN">Keyword 'Capture Page Screenshot' could not be run on failure: Message: disconnected: not connected to DevTools
  (failed to check if window was closed: disconnected: not connected to DevTools)
  (Session info: chrome=120.0.6099.217)
Stacktrace:
	GetHandleVerifier [0x00007FF78EC82142+3514994]
	(No symbol) [0x00007FF78E8A0CE2]
	(No symbol) [0x00007FF78E7476AA]
	(No symbol) [0x00007FF78E72FD6A]
	(No symbol) [0x00007FF78E72FC20]
	(No symbol) [0x00007FF78E7499A1]
	(No symbol) [0x00007FF78E7D21B7]
	(No symbol) [0x00007FF78E7B5D93]
	(No symbol) [0x00007FF78E784BDC]
	(No symbol) [0x00007FF78E785C64]
	GetHandleVerifier [0x00007FF78ECAE16B+3695259]
	GetHandleVerifier [0x00007FF78ED06737+4057191]
	GetHandleVerifier [0x00007FF78ECFE4E3+4023827]
	GetHandleVerifier [0x00007FF78E9D04F9+689705]
	(No symbol) [0x00007FF78E8AC048]
	(No symbol) [0x00007FF78E8A8044]
	(No symbol) [0x00007FF78E8A81C9]
	(No symbol) [0x00007FF78E8988C4]
	BaseThreadInitThunk [0x00007FFB37947344+20]
	RtlUserThreadStart [0x00007FFB397826B1+33]
</msg>
</errors>
</robot>
